2022-10-22 09:48:41 [scrapy.utils.log] INFO: Scrapy 1.7.4 started (bot: ufcStats)
2022-10-22 09:48:41 [scrapy.utils.log] INFO: Versions: lxml 4.9.1.0, libxml2 2.9.14, cssselect 1.1.0, parsel 1.6.0, w3lib 2.0.1, Twisted 21.7.0, Python 3.10.6 (main, Aug 10 2022, 11:40:04) [GCC 11.3.0], pyOpenSSL 22.1.0 (OpenSSL 3.0.5 5 Jul 2022), cryptography 38.0.1, Platform Linux-5.15.0-50-generic-x86_64-with-glibc2.35
2022-10-22 09:48:41 [scrapy.crawler] INFO: Overridden settings: {'BOT_NAME': 'ufcStats', 'COOKIES_ENABLED': False, 'DOWNLOAD_DELAY': 0.5, 'FEED_FORMAT': 'csv', 'FEED_URI': 'data/fighter_stats/%(time)s.csv', 'LOG_FILE': 'log/2022-10-22T09-48-41.log', 'LOG_LEVEL': 'INFO', 'NEWSPIDER_MODULE': 'ufcStats.spiders', 'ROBOTSTXT_OBEY': True, 'SPIDER_MODULES': ['ufcStats.spiders']}
2022-10-22 09:48:41 [scrapy.extensions.telnet] INFO: Telnet Password: 50ea96825d498e6a
2022-10-22 09:48:41 [scrapy.middleware] INFO: Enabled extensions:
['scrapy.extensions.corestats.CoreStats',
 'scrapy.extensions.telnet.TelnetConsole',
 'scrapy.extensions.memusage.MemoryUsage',
 'scrapy.extensions.feedexport.FeedExporter',
 'scrapy.extensions.logstats.LogStats']
2022-10-22 09:48:41 [scrapy.middleware] INFO: Enabled downloader middlewares:
['scrapy.downloadermiddlewares.robotstxt.RobotsTxtMiddleware',
 'scrapy.downloadermiddlewares.httpauth.HttpAuthMiddleware',
 'scrapy.downloadermiddlewares.downloadtimeout.DownloadTimeoutMiddleware',
 'scrapy.downloadermiddlewares.defaultheaders.DefaultHeadersMiddleware',
 'scrapy.downloadermiddlewares.useragent.UserAgentMiddleware',
 'scrapy.downloadermiddlewares.retry.RetryMiddleware',
 'scrapy.downloadermiddlewares.redirect.MetaRefreshMiddleware',
 'scrapy.downloadermiddlewares.httpcompression.HttpCompressionMiddleware',
 'scrapy.downloadermiddlewares.redirect.RedirectMiddleware',
 'scrapy.downloadermiddlewares.httpproxy.HttpProxyMiddleware',
 'scrapy.downloadermiddlewares.stats.DownloaderStats']
2022-10-22 09:48:42 [scrapy.middleware] INFO: Enabled spider middlewares:
['scrapy.spidermiddlewares.httperror.HttpErrorMiddleware',
 'scrapy.spidermiddlewares.offsite.OffsiteMiddleware',
 'scrapy.spidermiddlewares.referer.RefererMiddleware',
 'scrapy.spidermiddlewares.urllength.UrlLengthMiddleware',
 'scrapy.spidermiddlewares.depth.DepthMiddleware']
2022-10-22 09:48:42 [scrapy.middleware] INFO: Enabled item pipelines:
[]
2022-10-22 09:48:42 [scrapy.core.engine] INFO: Spider opened
2022-10-22 09:48:42 [scrapy.extensions.logstats] INFO: Crawled 0 pages (at 0 pages/min), scraped 0 items (at 0 items/min)
2022-10-22 09:48:42 [scrapy.extensions.telnet] INFO: Telnet console listening on 127.0.0.1:6023
2022-10-22 09:49:31 [scrapy.crawler] INFO: Received SIGINT, shutting down gracefully. Send again to force 
2022-10-22 09:49:31 [scrapy.core.engine] INFO: Closing spider (shutdown)
2022-10-22 09:49:33 [scrapy.crawler] INFO: Received SIGINT twice, forcing unclean shutdown
