2022-10-22 13:39:09 [scrapy.utils.log] INFO: Scrapy 1.7.4 started (bot: ufcStats)
2022-10-22 13:39:09 [scrapy.utils.log] INFO: Versions: lxml 4.9.1.0, libxml2 2.9.14, cssselect 1.1.0, parsel 1.6.0, w3lib 2.0.1, Twisted 21.7.0, Python 3.10.6 (main, Aug 10 2022, 11:40:04) [GCC 11.3.0], pyOpenSSL 22.1.0 (OpenSSL 3.0.5 5 Jul 2022), cryptography 38.0.1, Platform Linux-5.15.0-50-generic-x86_64-with-glibc2.35
2022-10-22 13:39:09 [scrapy.crawler] INFO: Overridden settings: {'BOT_NAME': 'ufcStats', 'COOKIES_ENABLED': False, 'DOWNLOAD_DELAY': 0.5, 'FEED_FORMAT': 'csv', 'FEED_URI': 'data/fighter_stats/fighterStats.csv', 'LOG_FILE': 'log/2022-10-22T13-39-09.log', 'LOG_LEVEL': 'INFO', 'NEWSPIDER_MODULE': 'ufcStats.spiders', 'ROBOTSTXT_OBEY': True, 'SPIDER_MODULES': ['ufcStats.spiders']}
2022-10-22 13:39:09 [scrapy.extensions.telnet] INFO: Telnet Password: b87156922eb1c9cb
2022-10-22 13:39:09 [scrapy.middleware] INFO: Enabled extensions:
['scrapy.extensions.corestats.CoreStats',
 'scrapy.extensions.telnet.TelnetConsole',
 'scrapy.extensions.memusage.MemoryUsage',
 'scrapy.extensions.feedexport.FeedExporter',
 'scrapy.extensions.logstats.LogStats']
2022-10-22 13:39:09 [scrapy.middleware] INFO: Enabled downloader middlewares:
['scrapy.downloadermiddlewares.robotstxt.RobotsTxtMiddleware',
 'scrapy.downloadermiddlewares.httpauth.HttpAuthMiddleware',
 'scrapy.downloadermiddlewares.downloadtimeout.DownloadTimeoutMiddleware',
 'scrapy.downloadermiddlewares.defaultheaders.DefaultHeadersMiddleware',
 'scrapy.downloadermiddlewares.useragent.UserAgentMiddleware',
 'scrapy.downloadermiddlewares.retry.RetryMiddleware',
 'scrapy.downloadermiddlewares.redirect.MetaRefreshMiddleware',
 'scrapy.downloadermiddlewares.httpcompression.HttpCompressionMiddleware',
 'scrapy.downloadermiddlewares.redirect.RedirectMiddleware',
 'scrapy.downloadermiddlewares.httpproxy.HttpProxyMiddleware',
 'scrapy.downloadermiddlewares.stats.DownloaderStats']
2022-10-22 13:39:09 [scrapy.middleware] INFO: Enabled spider middlewares:
['scrapy.spidermiddlewares.httperror.HttpErrorMiddleware',
 'scrapy.spidermiddlewares.offsite.OffsiteMiddleware',
 'scrapy.spidermiddlewares.referer.RefererMiddleware',
 'scrapy.spidermiddlewares.urllength.UrlLengthMiddleware',
 'scrapy.spidermiddlewares.depth.DepthMiddleware']
2022-10-22 13:39:09 [scrapy.middleware] INFO: Enabled item pipelines:
[]
2022-10-22 13:39:09 [scrapy.core.engine] INFO: Spider opened
2022-10-22 13:39:09 [scrapy.extensions.logstats] INFO: Crawled 0 pages (at 0 pages/min), scraped 0 items (at 0 items/min)
2022-10-22 13:39:09 [scrapy.extensions.telnet] INFO: Telnet console listening on 127.0.0.1:6023
2022-10-22 13:40:09 [scrapy.extensions.logstats] INFO: Crawled 97 pages (at 97 pages/min), scraped 78 items (at 78 items/min)
2022-10-22 13:41:09 [scrapy.extensions.logstats] INFO: Crawled 197 pages (at 100 pages/min), scraped 177 items (at 99 items/min)
2022-10-22 13:42:09 [scrapy.extensions.logstats] INFO: Crawled 298 pages (at 101 pages/min), scraped 278 items (at 101 items/min)
2022-10-22 13:43:09 [scrapy.extensions.logstats] INFO: Crawled 397 pages (at 99 pages/min), scraped 378 items (at 100 items/min)
2022-10-22 13:44:09 [scrapy.extensions.logstats] INFO: Crawled 495 pages (at 98 pages/min), scraped 476 items (at 98 items/min)
2022-10-22 13:45:09 [scrapy.extensions.logstats] INFO: Crawled 594 pages (at 99 pages/min), scraped 575 items (at 99 items/min)
2022-10-22 13:46:09 [scrapy.extensions.logstats] INFO: Crawled 696 pages (at 102 pages/min), scraped 677 items (at 102 items/min)
2022-10-22 13:47:09 [scrapy.extensions.logstats] INFO: Crawled 799 pages (at 103 pages/min), scraped 780 items (at 103 items/min)
2022-10-22 13:48:09 [scrapy.extensions.logstats] INFO: Crawled 899 pages (at 100 pages/min), scraped 880 items (at 100 items/min)
2022-10-22 13:49:09 [scrapy.extensions.logstats] INFO: Crawled 997 pages (at 98 pages/min), scraped 978 items (at 98 items/min)
2022-10-22 13:50:09 [scrapy.extensions.logstats] INFO: Crawled 1097 pages (at 100 pages/min), scraped 1077 items (at 99 items/min)
2022-10-22 13:51:09 [scrapy.extensions.logstats] INFO: Crawled 1195 pages (at 98 pages/min), scraped 1175 items (at 98 items/min)
2022-10-22 13:52:09 [scrapy.extensions.logstats] INFO: Crawled 1295 pages (at 100 pages/min), scraped 1276 items (at 101 items/min)
2022-10-22 13:53:09 [scrapy.extensions.logstats] INFO: Crawled 1392 pages (at 97 pages/min), scraped 1373 items (at 97 items/min)
2022-10-22 13:54:09 [scrapy.extensions.logstats] INFO: Crawled 1495 pages (at 103 pages/min), scraped 1476 items (at 103 items/min)
2022-10-22 13:55:09 [scrapy.extensions.logstats] INFO: Crawled 1595 pages (at 100 pages/min), scraped 1576 items (at 100 items/min)
2022-10-22 13:56:09 [scrapy.extensions.logstats] INFO: Crawled 1692 pages (at 97 pages/min), scraped 1672 items (at 96 items/min)
2022-10-22 13:57:09 [scrapy.extensions.logstats] INFO: Crawled 1796 pages (at 104 pages/min), scraped 1777 items (at 105 items/min)
2022-10-22 13:58:09 [scrapy.extensions.logstats] INFO: Crawled 1896 pages (at 100 pages/min), scraped 1877 items (at 100 items/min)
2022-10-22 13:59:09 [scrapy.extensions.logstats] INFO: Crawled 1997 pages (at 101 pages/min), scraped 1978 items (at 101 items/min)
2022-10-22 14:00:09 [scrapy.extensions.logstats] INFO: Crawled 2096 pages (at 99 pages/min), scraped 2077 items (at 99 items/min)
2022-10-22 14:01:09 [scrapy.extensions.logstats] INFO: Crawled 2194 pages (at 98 pages/min), scraped 2175 items (at 98 items/min)
2022-10-22 14:02:09 [scrapy.extensions.logstats] INFO: Crawled 2291 pages (at 97 pages/min), scraped 2272 items (at 97 items/min)
2022-10-22 14:03:09 [scrapy.extensions.logstats] INFO: Crawled 2392 pages (at 101 pages/min), scraped 2363 items (at 91 items/min)
2022-10-22 14:04:09 [scrapy.extensions.logstats] INFO: Crawled 2490 pages (at 98 pages/min), scraped 2462 items (at 99 items/min)
2022-10-22 14:05:09 [scrapy.extensions.logstats] INFO: Crawled 2587 pages (at 97 pages/min), scraped 2559 items (at 97 items/min)
2022-10-22 14:06:09 [scrapy.extensions.logstats] INFO: Crawled 2682 pages (at 95 pages/min), scraped 2654 items (at 95 items/min)
2022-10-22 14:07:09 [scrapy.extensions.logstats] INFO: Crawled 2778 pages (at 96 pages/min), scraped 2750 items (at 96 items/min)
2022-10-22 14:08:09 [scrapy.extensions.logstats] INFO: Crawled 2880 pages (at 102 pages/min), scraped 2852 items (at 102 items/min)
2022-10-22 14:09:09 [scrapy.extensions.logstats] INFO: Crawled 2977 pages (at 97 pages/min), scraped 2948 items (at 96 items/min)
2022-10-22 14:10:09 [scrapy.extensions.logstats] INFO: Crawled 3077 pages (at 100 pages/min), scraped 3049 items (at 101 items/min)
2022-10-22 14:11:09 [scrapy.extensions.logstats] INFO: Crawled 3173 pages (at 96 pages/min), scraped 3145 items (at 96 items/min)
2022-10-22 14:12:09 [scrapy.extensions.logstats] INFO: Crawled 3272 pages (at 99 pages/min), scraped 3243 items (at 98 items/min)
2022-10-22 14:13:09 [scrapy.extensions.logstats] INFO: Crawled 3370 pages (at 98 pages/min), scraped 3342 items (at 99 items/min)
2022-10-22 14:14:09 [scrapy.extensions.logstats] INFO: Crawled 3471 pages (at 101 pages/min), scraped 3442 items (at 100 items/min)
2022-10-22 14:15:09 [scrapy.extensions.logstats] INFO: Crawled 3569 pages (at 98 pages/min), scraped 3541 items (at 99 items/min)
2022-10-22 14:16:09 [scrapy.extensions.logstats] INFO: Crawled 3669 pages (at 100 pages/min), scraped 3641 items (at 100 items/min)
2022-10-22 14:17:09 [scrapy.extensions.logstats] INFO: Crawled 3766 pages (at 97 pages/min), scraped 3738 items (at 97 items/min)
2022-10-22 14:18:09 [scrapy.extensions.logstats] INFO: Crawled 3859 pages (at 93 pages/min), scraped 3831 items (at 93 items/min)
2022-10-22 14:18:56 [scrapy.core.engine] INFO: Closing spider (finished)
2022-10-22 14:18:56 [scrapy.extensions.feedexport] INFO: Stored csv feed (3908 items) in: data/fighter_stats/fighterStats.csv
2022-10-22 14:18:56 [scrapy.statscollectors] INFO: Dumping Scrapy stats:
{'downloader/request_bytes': 1227527,
 'downloader/request_count': 3936,
 'downloader/request_method_count/GET': 3936,
 'downloader/response_bytes': 16175432,
 'downloader/response_count': 3936,
 'downloader/response_status_count/200': 3935,
 'downloader/response_status_count/404': 1,
 'elapsed_time_seconds': 2386.677757,
 'finish_reason': 'finished',
 'finish_time': datetime.datetime(2022, 10, 22, 18, 18, 56, 32939),
 'item_scraped_count': 3908,
 'log_count/INFO': 50,
 'memusage/max': 107024384,
 'memusage/startup': 69427200,
 'request_depth_max': 2,
 'response_received_count': 3936,
 'robotstxt/request_count': 1,
 'robotstxt/response_count': 1,
 'robotstxt/response_status_count/404': 1,
 'scheduler/dequeued': 3935,
 'scheduler/dequeued/memory': 3935,
 'scheduler/enqueued': 3935,
 'scheduler/enqueued/memory': 3935,
 'start_time': datetime.datetime(2022, 10, 22, 17, 39, 9, 355182)}
2022-10-22 14:18:56 [scrapy.core.engine] INFO: Spider closed (finished)
