2022-10-22 09:30:23 [scrapy.utils.log] INFO: Scrapy 1.7.4 started (bot: ufcStats)
2022-10-22 09:30:23 [scrapy.utils.log] INFO: Versions: lxml 4.9.1.0, libxml2 2.9.14, cssselect 1.1.0, parsel 1.6.0, w3lib 2.0.1, Twisted 22.8.0, Python 3.10.6 (main, Aug 10 2022, 11:40:04) [GCC 11.3.0], pyOpenSSL 22.1.0 (OpenSSL 3.0.5 5 Jul 2022), cryptography 38.0.1, Platform Linux-5.15.0-50-generic-x86_64-with-glibc2.35
2022-10-22 09:30:23 [scrapy.crawler] INFO: Overridden settings: {'BOT_NAME': 'ufcStats', 'COOKIES_ENABLED': False, 'DOWNLOAD_DELAY': 0.5, 'FEED_FORMAT': 'csv', 'FEED_URI': 'data/fighter_stats/%(time)s.csv', 'LOG_FILE': 'log/2022-10-22T09-30-23.log', 'LOG_LEVEL': 'INFO', 'NEWSPIDER_MODULE': 'ufcStats.spiders', 'ROBOTSTXT_OBEY': True, 'SPIDER_MODULES': ['ufcStats.spiders']}
2022-10-22 09:30:23 [scrapy.extensions.telnet] INFO: Telnet Password: db5cdee72daa28e4
2022-10-22 09:30:23 [scrapy.middleware] INFO: Enabled extensions:
['scrapy.extensions.corestats.CoreStats',
 'scrapy.extensions.telnet.TelnetConsole',
 'scrapy.extensions.memusage.MemoryUsage',
 'scrapy.extensions.feedexport.FeedExporter',
 'scrapy.extensions.logstats.LogStats']
2022-10-22 09:30:23 [scrapy.core.downloader.handlers] ERROR: Loading "scrapy.core.downloader.handlers.http.HTTPDownloadHandler" for scheme "http"
Traceback (most recent call last):
  File "/home/dzmuda/.local/lib/python3.10/site-packages/scrapy/core/downloader/handlers/__init__.py", line 48, in _load_handler
    dhcls = load_object(path)
  File "/home/dzmuda/.local/lib/python3.10/site-packages/scrapy/utils/misc.py", line 46, in load_object
    mod = import_module(module)
  File "/usr/lib/python3.10/importlib/__init__.py", line 126, in import_module
    return _bootstrap._gcd_import(name[level:], package, level)
  File "<frozen importlib._bootstrap>", line 1050, in _gcd_import
  File "<frozen importlib._bootstrap>", line 1027, in _find_and_load
  File "<frozen importlib._bootstrap>", line 1006, in _find_and_load_unlocked
  File "<frozen importlib._bootstrap>", line 688, in _load_unlocked
  File "<frozen importlib._bootstrap_external>", line 883, in exec_module
  File "<frozen importlib._bootstrap>", line 241, in _call_with_frames_removed
  File "/home/dzmuda/.local/lib/python3.10/site-packages/scrapy/core/downloader/handlers/http.py", line 3, in <module>
    from .http11 import HTTP11DownloadHandler as HTTPDownloadHandler
  File "/home/dzmuda/.local/lib/python3.10/site-packages/scrapy/core/downloader/handlers/http11.py", line 26, in <module>
    from scrapy.core.downloader.webclient import _parse
  File "/home/dzmuda/.local/lib/python3.10/site-packages/scrapy/core/downloader/webclient.py", line 4, in <module>
    from twisted.web.client import HTTPClientFactory
ImportError: cannot import name 'HTTPClientFactory' from 'twisted.web.client' (unknown location)
2022-10-22 09:30:23 [scrapy.core.downloader.handlers] ERROR: Loading "scrapy.core.downloader.handlers.http.HTTPDownloadHandler" for scheme "https"
Traceback (most recent call last):
  File "/home/dzmuda/.local/lib/python3.10/site-packages/scrapy/core/downloader/handlers/__init__.py", line 48, in _load_handler
    dhcls = load_object(path)
  File "/home/dzmuda/.local/lib/python3.10/site-packages/scrapy/utils/misc.py", line 46, in load_object
    mod = import_module(module)
  File "/usr/lib/python3.10/importlib/__init__.py", line 126, in import_module
    return _bootstrap._gcd_import(name[level:], package, level)
  File "<frozen importlib._bootstrap>", line 1050, in _gcd_import
  File "<frozen importlib._bootstrap>", line 1027, in _find_and_load
  File "<frozen importlib._bootstrap>", line 1006, in _find_and_load_unlocked
  File "<frozen importlib._bootstrap>", line 688, in _load_unlocked
  File "<frozen importlib._bootstrap_external>", line 883, in exec_module
  File "<frozen importlib._bootstrap>", line 241, in _call_with_frames_removed
  File "/home/dzmuda/.local/lib/python3.10/site-packages/scrapy/core/downloader/handlers/http.py", line 3, in <module>
    from .http11 import HTTP11DownloadHandler as HTTPDownloadHandler
  File "/home/dzmuda/.local/lib/python3.10/site-packages/scrapy/core/downloader/handlers/http11.py", line 26, in <module>
    from scrapy.core.downloader.webclient import _parse
  File "/home/dzmuda/.local/lib/python3.10/site-packages/scrapy/core/downloader/webclient.py", line 4, in <module>
    from twisted.web.client import HTTPClientFactory
ImportError: cannot import name 'HTTPClientFactory' from 'twisted.web.client' (unknown location)
2022-10-22 09:30:23 [scrapy.core.downloader.handlers] ERROR: Loading "scrapy.core.downloader.handlers.s3.S3DownloadHandler" for scheme "s3"
Traceback (most recent call last):
  File "/home/dzmuda/.local/lib/python3.10/site-packages/scrapy/core/downloader/handlers/__init__.py", line 48, in _load_handler
    dhcls = load_object(path)
  File "/home/dzmuda/.local/lib/python3.10/site-packages/scrapy/utils/misc.py", line 46, in load_object
    mod = import_module(module)
  File "/usr/lib/python3.10/importlib/__init__.py", line 126, in import_module
    return _bootstrap._gcd_import(name[level:], package, level)
  File "<frozen importlib._bootstrap>", line 1050, in _gcd_import
  File "<frozen importlib._bootstrap>", line 1027, in _find_and_load
  File "<frozen importlib._bootstrap>", line 1006, in _find_and_load_unlocked
  File "<frozen importlib._bootstrap>", line 688, in _load_unlocked
  File "<frozen importlib._bootstrap_external>", line 883, in exec_module
  File "<frozen importlib._bootstrap>", line 241, in _call_with_frames_removed
  File "/home/dzmuda/.local/lib/python3.10/site-packages/scrapy/core/downloader/handlers/s3.py", line 6, in <module>
    from .http import HTTPDownloadHandler
  File "/home/dzmuda/.local/lib/python3.10/site-packages/scrapy/core/downloader/handlers/http.py", line 3, in <module>
    from .http11 import HTTP11DownloadHandler as HTTPDownloadHandler
  File "/home/dzmuda/.local/lib/python3.10/site-packages/scrapy/core/downloader/handlers/http11.py", line 26, in <module>
    from scrapy.core.downloader.webclient import _parse
  File "/home/dzmuda/.local/lib/python3.10/site-packages/scrapy/core/downloader/webclient.py", line 4, in <module>
    from twisted.web.client import HTTPClientFactory
ImportError: cannot import name 'HTTPClientFactory' from 'twisted.web.client' (unknown location)
2022-10-22 09:30:23 [twisted] CRITICAL: Unhandled error in Deferred:
2022-10-22 09:30:23 [twisted] CRITICAL: 
Traceback (most recent call last):
  File "/home/dzmuda/.local/lib/python3.10/site-packages/twisted/internet/defer.py", line 1696, in _inlineCallbacks
    result = context.run(gen.send, result)
  File "/home/dzmuda/.local/lib/python3.10/site-packages/scrapy/crawler.py", line 86, in crawl
    self.engine = self._create_engine()
  File "/home/dzmuda/.local/lib/python3.10/site-packages/scrapy/crawler.py", line 111, in _create_engine
    return ExecutionEngine(self, lambda _: self.stop())
  File "/home/dzmuda/.local/lib/python3.10/site-packages/scrapy/core/engine.py", line 69, in __init__
    self.downloader = downloader_cls(crawler)
  File "/home/dzmuda/.local/lib/python3.10/site-packages/scrapy/core/downloader/__init__.py", line 86, in __init__
    self.middleware = DownloaderMiddlewareManager.from_crawler(crawler)
  File "/home/dzmuda/.local/lib/python3.10/site-packages/scrapy/middleware.py", line 53, in from_crawler
    return cls.from_settings(crawler.settings, crawler)
  File "/home/dzmuda/.local/lib/python3.10/site-packages/scrapy/middleware.py", line 34, in from_settings
    mwcls = load_object(clspath)
  File "/home/dzmuda/.local/lib/python3.10/site-packages/scrapy/utils/misc.py", line 46, in load_object
    mod = import_module(module)
  File "/usr/lib/python3.10/importlib/__init__.py", line 126, in import_module
    return _bootstrap._gcd_import(name[level:], package, level)
  File "<frozen importlib._bootstrap>", line 1050, in _gcd_import
  File "<frozen importlib._bootstrap>", line 1027, in _find_and_load
  File "<frozen importlib._bootstrap>", line 1006, in _find_and_load_unlocked
  File "<frozen importlib._bootstrap>", line 688, in _load_unlocked
  File "<frozen importlib._bootstrap_external>", line 883, in exec_module
  File "<frozen importlib._bootstrap>", line 241, in _call_with_frames_removed
  File "/home/dzmuda/.local/lib/python3.10/site-packages/scrapy/downloadermiddlewares/retry.py", line 22, in <module>
    from scrapy.core.downloader.handlers.http11 import TunnelError
  File "/home/dzmuda/.local/lib/python3.10/site-packages/scrapy/core/downloader/handlers/http11.py", line 26, in <module>
    from scrapy.core.downloader.webclient import _parse
  File "/home/dzmuda/.local/lib/python3.10/site-packages/scrapy/core/downloader/webclient.py", line 4, in <module>
    from twisted.web.client import HTTPClientFactory
ImportError: cannot import name 'HTTPClientFactory' from 'twisted.web.client' (unknown location)
